#
# A fatal error has been detected by the Java Runtime Environment:
#
#  EXCEPTION_ACCESS_VIOLATION (0xc0000005) at pc=0x6ae865ee, pid=14316, tid=0x00003424
#
# JRE version: Java(TM) SE Runtime Environment (8.0_144-b01) (build 1.8.0_144-b01)
# Java VM: Java HotSpot(TM) Client VM (25.144-b01 mixed mode windows-x86 )
# Problematic frame:
# V  [jvm.dll+0xe65ee]
#
# Failed to write core dump. Minidumps are not enabled by default on client versions of Windows
#
# If you would like to submit a bug report, please visit:
#   http://bugreport.java.com/bugreport/crash.jsp
#

---------------  T H R E A D  ---------------

Current thread (0x27c43400):  JavaThread "EventThread COM35" [_thread_in_vm, id=13348, stack(0x24fb0000,0x25000000)]

siginfo: ExceptionCode=0xc0000005, reading address 0x00000000

Registers:
EAX=0x00000000, EBX=0x00cfb2c0, ECX=0x27c43400, EDX=0x0000009f
ESP=0x24ffb18c, EBP=0x24ffb1a8, ESI=0x00000000, EDI=0x27c43400
EIP=0x6ae865ee, EFLAGS=0x00010246

Top of Stack: (sp=0x24ffb18c)
0x24ffb18c:   24ffb1c4 27c43540 00cfb2c0 27c43400
0x24ffb19c:   297b2e84 0000009f 6b0820b8 24fff208
0x24ffb1ac:   6400183d 27c43540 00000000 00000000
0x24ffb1bc:   00004000 24ffb1c4 300a0d30 0d300a0d
0x24ffb1cc:   0a0d300a 300a0d30 0d300a0d 0a0d300a
0x24ffb1dc:   300a0d30 0d300a0d 0a0d300a 300a0d30
0x24ffb1ec:   0d300a0d 0a0d300a 300a0d30 0d300a0d
0x24ffb1fc:   0a0d300a 300a0d30 0d300a0d 0a0d300a 

Instructions: (pc=0x6ae865ee)
0x6ae865ce:   c4 08 83 7f 04 00 89 7d f0 c7 45 f4 00 00 00 00
0x6ae865de:   74 08 8d 4d f0 e8 28 1c 0c 00 8b 75 10 8b 45 0c
0x6ae865ee:   8b 10 85 f6 78 32 8b 45 14 85 c0 78 2b 8d 0c 06
0x6ae865fe:   3b 4a 08 77 23 85 c0 7e 3b 8b 4a 04 8b 49 04 83 


Register to memory mapping:

EAX=0x00000000 is an unknown value
EBX=0x00cfb2c0 is an unknown value
ECX=0x27c43400 is a thread
EDX=0x0000009f is an unknown value
ESP=0x24ffb18c is pointing into the stack for thread: 0x27c43400
EBP=0x24ffb1a8 is pointing into the stack for thread: 0x27c43400
ESI=0x00000000 is an unknown value
EDI=0x27c43400 is a thread


Stack: [0x24fb0000,0x25000000],  sp=0x24ffb18c,  free space=300k
Native frames: (J=compiled Java code, j=interpreted, Vv=VM code, C=native code)
V  [jvm.dll+0xe65ee]
C  [jSSC-2.8_x86.dll+0x183d]
J 10217  jssc.SerialNativeInterface.readBytes(JI)[B (0 bytes) @ 0x02b4cd25 [0x02b4cc90+0x95]
J 15653 C1 processing.app.Serial.serialEvent(Ljssc/SerialPortEvent;)V (195 bytes) @ 0x02a9fe34 [0x02a9fd00+0x134]
J 10195 C1 jssc.SerialPort$EventThread.run()V (84 bytes) @ 0x02944e98 [0x02944d30+0x168]
v  ~StubRoutines::call_stub
V  [jvm.dll+0x15af45]
V  [jvm.dll+0x2213ae]
V  [jvm.dll+0x15afde]
V  [jvm.dll+0x15b166]
V  [jvm.dll+0x15b1d7]
V  [jvm.dll+0xff36f]
V  [jvm.dll+0x17dc30]
V  [jvm.dll+0x17e4aa]
V  [jvm.dll+0x1c2ec6]
C  [msvcr100.dll+0x5c556]
C  [msvcr100.dll+0x5c600]
C  [KERNEL32.DLL+0x18484]
C  [ntdll.dll+0x63ab8]
C  [ntdll.dll+0x63a88]
C  0x00000000

Java frames: (J=compiled Java code, j=interpreted, Vv=VM code)
J 10217  jssc.SerialNativeInterface.readBytes(JI)[B (0 bytes) @ 0x02b4cce1 [0x02b4cc90+0x51]
J 15653 C1 processing.app.Serial.serialEvent(Ljssc/SerialPortEvent;)V (195 bytes) @ 0x02a9fe34 [0x02a9fd00+0x134]
J 10195 C1 jssc.SerialPort$EventThread.run()V (84 bytes) @ 0x02944e98 [0x02944d30+0x168]
v  ~StubRoutines::call_stub

---------------  P R O C E S S  ---------------

Java Threads: ( => current thread )
=>0x27c43400 JavaThread "EventThread COM35" [_thread_in_vm, id=13348, stack(0x24fb0000,0x25000000)]
  0x27c44000 JavaThread "Thread-535" [_thread_blocked, id=6724, stack(0x00c60000,0x00cb0000)]
  0x27c41400 JavaThread "JmDNS(192-168-1-33.local.).State.Timer" daemon [_thread_blocked, id=13900, stack(0x25ad0000,0x25b20000)]
  0x27c44c00 JavaThread "JmDNS(192-168-1-33.local.).Timer" daemon [_thread_blocked, id=4476, stack(0x25a40000,0x25a90000)]
  0x27c3fc00 JavaThread "SocketListener(192-168-1-33.local.)" daemon [_thread_in_native, id=14472, stack(0x259b0000,0x25a00000)]
  0x27c3e400 JavaThread "JmDNS(fe80-0-0-0-98e4-f21e-7896-71b8-wlan2.local.).State.Timer" daemon [_thread_blocked, id=14824, stack(0x25920000,0x25970000)]
  0x27c44800 JavaThread "JmDNS(fe80-0-0-0-98e4-f21e-7896-71b8-wlan2.local.).Timer" daemon [_thread_blocked, id=15000, stack(0x25890000,0x258e0000)]
  0x27c43c00 JavaThread "SocketListener(fe80-0-0-0-98e4-f21e-7896-71b8-wlan2.local.)" daemon [_thread_in_native, id=11000, stack(0x25800000,0x25850000)]
  0x27c41c00 JavaThread "DestroyJavaVM" [_thread_blocked, id=11812, stack(0x010d0000,0x01120000)]
  0x27a59800 JavaThread "TimerQueue" daemon [_thread_blocked, id=12448, stack(0x29660000,0x296b0000)]
  0x27a5c800 JavaThread "AWT-EventQueue-0" [_thread_blocked, id=13384, stack(0x28930000,0x28980000)]
  0x27a5a400 JavaThread "AWT-Shutdown" [_thread_blocked, id=8460, stack(0x288a0000,0x288f0000)]
  0x27a5b400 JavaThread "Batik CleanerThread" daemon [_thread_blocked, id=6952, stack(0x27750000,0x277a0000)]
  0x27a5d000 JavaThread "Timer-0" [_thread_blocked, id=8236, stack(0x27300000,0x27350000)]
  0x27a1b400 JavaThread "Multihomed mDNS.Timer" daemon [_thread_blocked, id=2992, stack(0x26d10000,0x26d60000)]
  0x27a1ac00 JavaThread "cc.arduino.packages.discoverers.serial.SerialBoardsLister" [_thread_blocked, id=8112, stack(0x027f0000,0x02840000)]
  0x265bac00 JavaThread "AWT-Windows" daemon [_thread_blocked, id=6248, stack(0x26ac0000,0x26b10000)]
  0x265b9c00 JavaThread "Java2D Disposer" daemon [_thread_blocked, id=12248, stack(0x269a0000,0x269f0000)]
  0x25dc2c00 JavaThread "Service Thread" daemon [_thread_blocked, id=3840, stack(0x26270000,0x262c0000)]
  0x25d9f400 JavaThread "C1 CompilerThread0" daemon [_thread_blocked, id=11780, stack(0x261e0000,0x26230000)]
  0x25d9dc00 JavaThread "Attach Listener" daemon [_thread_blocked, id=6608, stack(0x26150000,0x261a0000)]
  0x25d9bc00 JavaThread "Signal Dispatcher" daemon [_thread_blocked, id=5132, stack(0x260c0000,0x26110000)]
  0x25d8a400 JavaThread "Finalizer" daemon [_thread_blocked, id=10880, stack(0x251b0000,0x25200000)]
  0x25d74400 JavaThread "Reference Handler" daemon [_thread_blocked, id=4292, stack(0x25120000,0x25170000)]

Other Threads:
  0x0125e000 VMThread [stack: 0x25090000,0x250e0000] [id=11188]
  0x25dce000 WatcherThread [stack: 0x26300000,0x26350000] [id=7336]

VM state:synchronizing (normal execution)

VM Mutex/Monitor currently owned by a thread:  ([mutex/lock_event])
[0x0115c900] Threads_lock - owner thread: 0x0125e000
[0x0115d0b8] Heap_lock - owner thread: 0x27c44000

Heap:
 def new generation   total 157248K, used 157248K [0x04a00000, 0x0f4a0000, 0x0f4a0000)
  eden space 139776K, 100% used [0x04a00000, 0x0d280000, 0x0d280000)
  from space 17472K, 100% used [0x0e390000, 0x0f4a0000, 0x0f4a0000)
  to   space 17472K,   0% used [0x0d280000, 0x0d280000, 0x0e390000)
 tenured generation   total 349568K, used 349567K [0x0f4a0000, 0x24a00000, 0x24a00000)
   the space 349568K,  99% used [0x0f4a0000, 0x249ffff0, 0x24a00000, 0x24a00000)
 Metaspace       used 19377K, capacity 19859K, committed 20096K, reserved 20864K

Card table byte_map: [0x048d0000,0x049e0000] byte_map_base: 0x048ab000

Polling page: 0x01120000

CodeCache: size=32768Kb used=3356Kb max_used=4611Kb free=29411Kb
 bounds [0x02850000, 0x02cd8000, 0x04850000]
 total_blobs=1935 nmethods=1653 adapters=208
 compilation: enabled

Compilation events (10 events):
Event: 80121.306 Thread 0x25d9f400 16271             java.util.stream.ReferencePipeline$7$1::<init> (11 bytes)
Event: 80121.306 Thread 0x25d9f400 nmethod 16271 0x02981988 code [0x02981a90, 0x02981b9c]
Event: 80121.308 Thread 0x25d9f400 16272             java.util.stream.ReferencePipeline$7$1::begin (13 bytes)
Event: 80121.308 Thread 0x25d9f400 nmethod 16272 0x02a16a88 code [0x02a16b90, 0x02a16c3c]
Event: 80121.936 Thread 0x25d9f400 16273             java.util.Arrays::equals (54 bytes)
Event: 80121.936 Thread 0x25d9f400 nmethod 16273 0x02c65008 code [0x02c65110, 0x02c65240]
Event: 80122.384 Thread 0x25d9f400 16274             java.util.LinkedList::addAll (182 bytes)
Event: 80122.385 Thread 0x25d9f400 nmethod 16274 0x02a75008 code [0x02a75140, 0x02a75440]
Event: 80122.396 Thread 0x25d9f400 16275             cc.arduino.contributions.filters.InstalledPredicate::<init> (5 bytes)
Event: 80122.396 Thread 0x25d9f400 nmethod 16275 0x0293f748 code [0x0293f840, 0x0293f8c0]

GC Heap History (10 events):
Event: 80127.816 GC heap before
{Heap before GC invocations=79 (full 31):
 def new generation   total 157248K, used 157247K [0x04a00000, 0x0f4a0000, 0x0f4a0000)
  eden space 139776K, 100% used [0x04a00000, 0x0d280000, 0x0d280000)
  from space 17472K,  99% used [0x0e390000, 0x0f49fff8, 0x0f4a0000)
  to   space 17472K,   0% used [0x0d280000, 0x0d280000, 0x0e390000)
 tenured generation   total 349568K, used 349567K [0x0f4a0000, 0x24a00000, 0x24a00000)
   the space 349568K,  99% used [0x0f4a0000, 0x249ffff8, 0x24a00000, 0x24a00000)
 Metaspace       used 19377K, capacity 19859K, committed 20096K, reserved 20864K
Event: 80128.830 GC heap after
Heap after GC invocations=80 (full 32):
 def new generation   total 157248K, used 157232K [0x04a00000, 0x0f4a0000, 0x0f4a0000)
  eden space 139776K, 100% used [0x04a00000, 0x0d280000, 0x0d280000)
  from space 17472K,  99% used [0x0e390000, 0x0f49c1f0, 0x0f4a0000)
  to   space 17472K,   0% used [0x0d280000, 0x0d280000, 0x0e390000)
 tenured generation   total 349568K, used 349563K [0x0f4a0000, 0x24a00000, 0x24a00000)
   the space 349568K,  99% used [0x0f4a0000, 0x249fef90, 0x249ff000, 0x24a00000)
 Metaspace       used 19377K, capacity 19859K, committed 20096K, reserved 20864K
}
Event: 80128.831 GC heap before
{Heap before GC invocations=80 (full 32):
 def new generation   total 157248K, used 157247K [0x04a00000, 0x0f4a0000, 0x0f4a0000)
  eden space 139776K, 100% used [0x04a00000, 0x0d280000, 0x0d280000)
  from space 17472K,  99% used [0x0e390000, 0x0f49fff8, 0x0f4a0000)
  to   space 17472K,   0% used [0x0d280000, 0x0d280000, 0x0e390000)
 tenured generation   total 349568K, used 349567K [0x0f4a0000, 0x24a00000, 0x24a00000)
   the space 349568K,  99% used [0x0f4a0000, 0x249fff90, 0x24a00000, 0x24a00000)
 Metaspace       used 19377K, capacity 19859K, committed 20096K, reserved 20864K
Event: 80129.753 GC heap after
Heap after GC invocations=81 (full 33):
 def new generation   total 157248K, used 157235K [0x04a00000, 0x0f4a0000, 0x0f4a0000)
  eden space 139776K, 100% used [0x04a00000, 0x0d280000, 0x0d280000)
  from space 17472K,  99% used [0x0e390000, 0x0f49cdc8, 0x0f4a0000)
  to   space 17472K,   0% used [0x0d280000, 0x0d280000, 0x0e390000)
 tenured generation   total 349568K, used 349567K [0x0f4a0000, 0x24a00000, 0x24a00000)
   the space 349568K,  99% used [0x0f4a0000, 0x249fff90, 0x24a00000, 0x24a00000)
 Metaspace       used 19377K, capacity 19859K, committed 20096K, reserved 20864K
}
Event: 80129.753 GC heap before
{Heap before GC invocations=81 (full 33):
 def new generation   total 157248K, used 157247K [0x04a00000, 0x0f4a0000, 0x0f4a0000)
  eden space 139776K, 100% used [0x04a00000, 0x0d280000, 0x0d280000)
  from space 17472K,  99% used [0x0e390000, 0x0f49fff0, 0x0f4a0000)
  to   space 17472K,   0% used [0x0d280000, 0x0d280000, 0x0e390000)
 tenured generation   total 349568K, used 349567K [0x0f4a0000, 0x24a00000, 0x24a00000)
   the space 349568K,  99% used [0x0f4a0000, 0x249ffff0, 0x24a00000, 0x24a00000)
 Metaspace       used 19377K, capacity 19859K, committed 20096K, reserved 20864K
Event: 80130.667 GC heap after
Heap after GC invocations=82 (full 34):
 def new generation   total 157248K, used 157228K [0x04a00000, 0x0f4a0000, 0x0f4a0000)
  eden space 139776K, 100% used [0x04a00000, 0x0d280000, 0x0d280000)
  from space 17472K,  99% used [0x0e390000, 0x0f49b0c0, 0x0f4a0000)
  to   space 17472K,   0% used [0x0d280000, 0x0d280000, 0x0e390000)
 tenured generation   total 349568K, used 349567K [0x0f4a0000, 0x24a00000, 0x24a00000)
   the space 349568K,  99% used [0x0f4a0000, 0x249ffff0, 0x24a00000, 0x24a00000)
 Metaspace       used 19377K, capacity 19859K, committed 20096K, reserved 20864K
}
Event: 80130.668 GC heap before
{Heap before GC invocations=82 (full 34):
 def new generation   total 157248K, used 157244K [0x04a00000, 0x0f4a0000, 0x0f4a0000)
  eden space 139776K, 100% used [0x04a00000, 0x0d280000, 0x0d280000)
  from space 17472K,  99% used [0x0e390000, 0x0f49f1c8, 0x0f4a0000)
  to   space 17472K,   0% used [0x0d280000, 0x0d280000, 0x0e390000)
 tenured generation   total 349568K, used 349567K [0x0f4a0000, 0x24a00000, 0x24a00000)
   the space 349568K,  99% used [0x0f4a0000, 0x249ffff0, 0x24a00000, 0x24a00000)
 Metaspace       used 19377K, capacity 19859K, committed 20096K, reserved 20864K
Event: 80131.557 GC heap after
Heap after GC invocations=83 (full 35):
 def new generation   total 157248K, used 157241K [0x04a00000, 0x0f4a0000, 0x0f4a0000)
  eden space 139776K, 100% used [0x04a00000, 0x0d280000, 0x0d280000)
  from space 17472K,  99% used [0x0e390000, 0x0f49e468, 0x0f4a0000)
  to   space 17472K,   0% used [0x0d280000, 0x0d280000, 0x0e390000)
 tenured generation   total 349568K, used 349567K [0x0f4a0000, 0x24a00000, 0x24a00000)
   the space 349568K,  99% used [0x0f4a0000, 0x249ffff0, 0x24a00000, 0x24a00000)
 Metaspace       used 19377K, capacity 19859K, committed 20096K, reserved 20864K
}
Event: 80131.557 GC heap before
{Heap before GC invocations=83 (full 35):
 def new generation   total 157248K, used 157241K [0x04a00000, 0x0f4a0000, 0x0f4a0000)
  eden space 139776K, 100% used [0x04a00000, 0x0d280000, 0x0d280000)
  from space 17472K,  99% used [0x0e390000, 0x0f49e468, 0x0f4a0000)
  to   space 17472K,   0% used [0x0d280000, 0x0d280000, 0x0e390000)
 tenured generation   total 349568K, used 349567K [0x0f4a0000, 0x24a00000, 0x24a00000)
   the space 349568K,  99% used [0x0f4a0000, 0x249ffff0, 0x24a00000, 0x24a00000)
 Metaspace       used 19377K, capacity 19859K, committed 20096K, reserved 20864K
Event: 80132.474 GC heap after
Heap after GC invocations=84 (full 36):
 def new generation   total 157248K, used 157241K [0x04a00000, 0x0f4a0000, 0x0f4a0000)
  eden space 139776K, 100% used [0x04a00000, 0x0d280000, 0x0d280000)
  from space 17472K,  99% used [0x0e390000, 0x0f49e468, 0x0f4a0000)
  to   space 17472K,   0% used [0x0d280000, 0x0d280000, 0x0e390000)
 tenured generation   total 349568K, used 349564K [0x0f4a0000, 0x24a00000, 0x24a00000)
   the space 349568K,  99% used [0x0f4a0000, 0x249ff1d0, 0x249ff200, 0x24a00000)
 Metaspace       used 19377K, capacity 19859K, committed 20096K, reserved 20864K
}

Deoptimization events (0 events):
No events

Internal exceptions (10 events):
Event: 80118.455 Thread 0x27c42000 Exception <a 'sun/nio/fs/WindowsException'> (0x0ecfb500) thrown at [C:\workspace\8-2-build-windows-i586-cygwin\jdk8u144\9417\hotspot\src\share\vm\prims\jni.cpp, line 709]
Event: 80118.457 Thread 0x27c42000 Exception <a 'sun/nio/fs/WindowsException'> (0x0ed171a8) thrown at [C:\workspace\8-2-build-windows-i586-cygwin\jdk8u144\9417\hotspot\src\share\vm\prims\jni.cpp, line 709]
Event: 80118.457 Thread 0x27c42000 Exception <a 'sun/nio/fs/WindowsException'> (0x0ed17710) thrown at [C:\workspace\8-2-build-windows-i586-cygwin\jdk8u144\9417\hotspot\src\share\vm\prims\jni.cpp, line 709]
Event: 80118.463 Thread 0x27c42000 Exception <a 'sun/nio/fs/WindowsException'> (0x0ed8e560) thrown at [C:\workspace\8-2-build-windows-i586-cygwin\jdk8u144\9417\hotspot\src\share\vm\prims\jni.cpp, line 709]
Event: 80118.463 Thread 0x27c42000 Exception <a 'sun/nio/fs/WindowsException'> (0x0ed8eac8) thrown at [C:\workspace\8-2-build-windows-i586-cygwin\jdk8u144\9417\hotspot\src\share\vm\prims\jni.cpp, line 709]
Event: 80118.465 Thread 0x27c42000 Exception <a 'sun/nio/fs/WindowsException'> (0x0ed991c8) thrown at [C:\workspace\8-2-build-windows-i586-cygwin\jdk8u144\9417\hotspot\src\share\vm\prims\jni.cpp, line 709]
Event: 80118.465 Thread 0x27c42000 Exception <a 'sun/nio/fs/WindowsException'> (0x0ed996f8) thrown at [C:\workspace\8-2-build-windows-i586-cygwin\jdk8u144\9417\hotspot\src\share\vm\prims\jni.cpp, line 709]
Event: 80118.472 Thread 0x27c42000 Exception <a 'sun/nio/fs/WindowsException'> (0x0ee265c8) thrown at [C:\workspace\8-2-build-windows-i586-cygwin\jdk8u144\9417\hotspot\src\share\vm\prims\jni.cpp, line 709]
Event: 80118.472 Thread 0x27c42000 Exception <a 'sun/nio/fs/WindowsException'> (0x0ee26b30) thrown at [C:\workspace\8-2-build-windows-i586-cygwin\jdk8u144\9417\hotspot\src\share\vm\prims\jni.cpp, line 709]
Event: 80132.474 Thread 0x27c43400 Exception <a 'java/lang/OutOfMemoryError'> (0x0fa8f2a8) thrown at [C:\workspace\8-2-build-windows-i586-cygwin\jdk8u144\9417\hotspot\src\share\vm\gc_interface/collectedHeap.inline.hpp, line 159]

Events (10 events):
Event: 80126.850 Executing VM operation: GenCollectForAllocation
Event: 80127.816 Executing VM operation: GenCollectForAllocation done
Event: 80127.816 Executing VM operation: GenCollectForAllocation
Event: 80128.830 Executing VM operation: GenCollectForAllocation done
Event: 80128.831 Executing VM operation: GenCollectForAllocation
Event: 80129.753 Executing VM operation: GenCollectForAllocation done
Event: 80129.753 Executing VM operation: GenCollectForAllocation
Event: 80130.667 Executing VM operation: GenCollectForAllocation done
Event: 80130.668 Executing VM operation: GenCollectForAllocation
Event: 80132.474 Executing VM operation: GenCollectForAllocation done


Dynamic libraries:
0x012c0000 - 0x012f3000 	C:\Program Files (x86)\Arduino\java\bin\javaw.exe
0x77610000 - 0x777a0000 	C:\WINDOWS\SYSTEM32\ntdll.dll
0x743f0000 - 0x744d0000 	C:\WINDOWS\System32\KERNEL32.DLL
0x74200000 - 0x743e4000 	C:\WINDOWS\System32\KERNELBASE.dll
0x77140000 - 0x771b8000 	C:\WINDOWS\System32\ADVAPI32.dll
0x745b0000 - 0x7466f000 	C:\WINDOWS\System32\msvcrt.dll
0x760e0000 - 0x76124000 	C:\WINDOWS\System32\sechost.dll
0x74ad0000 - 0x74b90000 	C:\WINDOWS\System32\RPCRT4.dll
0x73ed0000 - 0x73ef0000 	C:\WINDOWS\System32\SspiCli.dll
0x73ec0000 - 0x73eca000 	C:\WINDOWS\System32\CRYPTBASE.dll
0x76600000 - 0x76658000 	C:\WINDOWS\System32\bcryptPrimitives.dll
0x762a0000 - 0x7642d000 	C:\WINDOWS\System32\USER32.dll
0x774e0000 - 0x774f7000 	C:\WINDOWS\System32\win32u.dll
0x74170000 - 0x74192000 	C:\WINDOWS\System32\GDI32.dll
0x771d0000 - 0x77334000 	C:\WINDOWS\System32\gdi32full.dll
0x770c0000 - 0x7713d000 	C:\WINDOWS\System32\msvcp_win.dll
0x764e0000 - 0x765fe000 	C:\WINDOWS\System32\ucrtbase.dll
0x72b30000 - 0x72d34000 	C:\WINDOWS\WinSxS\x86_microsoft.windows.common-controls_6595b64144ccf1df_6.0.17134.523_none_42edd4b044e3535c\COMCTL32.dll
0x74670000 - 0x748cc000 	C:\WINDOWS\System32\combase.dll
0x764b0000 - 0x764d6000 	C:\WINDOWS\System32\IMM32.DLL
0x72720000 - 0x727df000 	C:\Program Files (x86)\Arduino\java\bin\msvcr100.dll
0x6ada0000 - 0x6b16e000 	C:\Program Files (x86)\Arduino\java\bin\client\jvm.dll
0x74a00000 - 0x74a06000 	C:\WINDOWS\System32\PSAPI.DLL
0x73aa0000 - 0x73aa8000 	C:\WINDOWS\SYSTEM32\WSOCK32.dll
0x72b00000 - 0x72b08000 	C:\WINDOWS\SYSTEM32\VERSION.dll
0x72410000 - 0x72434000 	C:\WINDOWS\SYSTEM32\WINMM.dll
0x76440000 - 0x764a7000 	C:\WINDOWS\System32\WS2_32.dll
0x722d0000 - 0x722f3000 	C:\WINDOWS\SYSTEM32\WINMMBASE.dll
0x74920000 - 0x74959000 	C:\WINDOWS\System32\cfgmgr32.dll
0x726f0000 - 0x72720000 	C:\Program Files (x86)\Arduino\java\bin\splashscreen.dll
0x721d0000 - 0x7224c000 	C:\WINDOWS\system32\uxtheme.dll
0x726e0000 - 0x726ec000 	C:\Program Files (x86)\Arduino\java\bin\verify.dll
0x726b0000 - 0x726d1000 	C:\Program Files (x86)\Arduino\java\bin\java.dll
0x73f90000 - 0x740d3000 	C:\WINDOWS\System32\MSCTF.dll
0x73ef0000 - 0x73f86000 	C:\WINDOWS\System32\OLEAUT32.dll
0x72690000 - 0x726a3000 	C:\Program Files (x86)\Arduino\java\bin\zip.dll
0x749f0000 - 0x749ff000 	C:\WINDOWS\System32\kernel.appcore.dll
0x71970000 - 0x719ed000 	C:\WINDOWS\System32\TextInputFramework.dll
0x71680000 - 0x718dd000 	C:\WINDOWS\System32\CoreUIComponents.dll
0x718e0000 - 0x7196b000 	C:\WINDOWS\System32\CoreMessaging.dll
0x744d0000 - 0x74558000 	C:\WINDOWS\System32\SHCORE.dll
0x735e0000 - 0x73609000 	C:\WINDOWS\SYSTEM32\ntmarta.dll
0x71570000 - 0x71646000 	C:\WINDOWS\SYSTEM32\wintypes.dll
0x72270000 - 0x72293000 	C:\WINDOWS\system32\dwmapi.dll
0x74d90000 - 0x760da000 	C:\WINDOWS\System32\SHELL32.dll
0x76660000 - 0x76c1a000 	C:\WINDOWS\System32\windows.storage.dll
0x74560000 - 0x745a5000 	C:\WINDOWS\System32\shlwapi.dll
0x76c20000 - 0x76c38000 	C:\WINDOWS\System32\profapi.dll
0x748d0000 - 0x74915000 	C:\WINDOWS\System32\powrprof.dll
0x771c0000 - 0x771c8000 	C:\WINDOWS\System32\FLTLIB.DLL
0x61940000 - 0x619b2000 	C:\Program Files (x86)\Arduino\lib\listSerialsj.dll
0x76c90000 - 0x770bb000 	C:\WINDOWS\System32\SETUPAPI.dll
0x72670000 - 0x7268d000 	C:\Program Files (x86)\Arduino\lib\jnidispatch-4.2.2-win32-x86.dll
0x74ba0000 - 0x74c9c000 	C:\WINDOWS\System32\Ole32.dll
0x72650000 - 0x72666000 	C:\Program Files (x86)\Arduino\java\bin\net.dll
0x739a0000 - 0x739f6000 	C:\WINDOWS\system32\mswsock.dll
0x72640000 - 0x7264f000 	C:\Program Files (x86)\Arduino\java\bin\nio.dll
0x6ac50000 - 0x6ad95000 	C:\Program Files (x86)\Arduino\java\bin\awt.dll
0x72880000 - 0x7291d000 	C:\WINDOWS\SYSTEM32\apphelp.dll
0x72600000 - 0x72639000 	C:\Program Files (x86)\Arduino\java\bin\fontmanager.dll
0x6ab70000 - 0x6ac49000 	C:\WINDOWS\system32\opengl32.dll
0x6ab30000 - 0x6ab6f000 	C:\WINDOWS\SYSTEM32\GLU32.dll
0x6aaf0000 - 0x6ab22000 	C:\Program Files (x86)\Arduino\java\bin\t2k.dll
0x73a70000 - 0x73aa0000 	C:\WINDOWS\SYSTEM32\IPHLPAPI.DLL
0x74b90000 - 0x74b97000 	C:\WINDOWS\System32\NSI.dll
0x73550000 - 0x73563000 	C:\WINDOWS\SYSTEM32\dhcpcsvc6.DLL
0x735a0000 - 0x735b4000 	C:\WINDOWS\SYSTEM32\dhcpcsvc.DLL
0x738d0000 - 0x7395e000 	C:\WINDOWS\SYSTEM32\DNSAPI.dll
0x73840000 - 0x73848000 	C:\Windows\System32\rasadhlp.dll
0x6a840000 - 0x6a8a9000 	C:\Program Files (x86)\Arduino\msvcp100.dll
0x6a780000 - 0x6a83e000 	C:\Program Files (x86)\Arduino\msvcr100.dll
0x27350000 - 0x27382000 	C:\Program Files (x86)\Arduino\lib\AStylej.dll
0x6a750000 - 0x6a774000 	C:\Program Files (x86)\Arduino\java\bin\dcpr.dll
0x740e0000 - 0x74163000 	C:\WINDOWS\System32\clbcatq.dll
0x71190000 - 0x71301000 	C:\WINDOWS\SYSTEM32\WindowsCodecs.dll
0x71360000 - 0x713af000 	C:\WINDOWS\system32\dataexchange.dll
0x70280000 - 0x703bc000 	C:\WINDOWS\system32\dcomp.dll
0x703c0000 - 0x70612000 	C:\WINDOWS\system32\d3d11.dll
0x71e00000 - 0x71e98000 	C:\WINDOWS\system32\dxgi.dll
0x70110000 - 0x70275000 	C:\WINDOWS\system32\twinapi.appcore.dll
0x71310000 - 0x7132a000 	C:\WINDOWS\system32\RMCLIENT.dll
0x73850000 - 0x7389f000 	C:\WINDOWS\System32\fwpuclnt.dll
0x73a00000 - 0x73a19000 	C:\WINDOWS\SYSTEM32\bcrypt.dll
0x73570000 - 0x73592000 	C:\WINDOWS\SYSTEM32\DEVOBJ.dll
0x76c40000 - 0x76c87000 	C:\WINDOWS\System32\WINTRUST.dll
0x76430000 - 0x7643e000 	C:\WINDOWS\System32\MSASN1.dll
0x77340000 - 0x774d6000 	C:\WINDOWS\System32\CRYPT32.dll
0x64000000 - 0x6401b000 	C:\Program Files (x86)\Arduino\lib\jSSC-2.8_x86.dll
0x72960000 - 0x72ae2000 	C:\WINDOWS\SYSTEM32\dbghelp.dll

VM Arguments:
jvm_args: -Dsun.java2d.d3d=false -Djna.nosys=true -Djna.nounpack=true -Djna.boot.library.name=jnidispatch-4.2.2-win32-x86 -Djna.boot.library.path=C:\Program Files (x86)\Arduino/lib -Djssc.library.path=C:\Program Files (x86)\Arduino/lib -DAPP_DIR=C:\Program Files (x86)\Arduino -Xms128M -Xmx512M 
java_command: processing.app.Base C:\Users\looke\Google Drive\Geppetto Lab\Progetti\Escape Room\Software\Room1\G12_Cyclette\G12_Cyclette_Mudbus\G12_Cyclette_Mudbus.ino
java_class_path (initial): C:\Program Files (x86)\Arduino\lib\apple.jar;C:\Program Files (x86)\Arduino\lib\arduino-core.jar;C:\Program Files (x86)\Arduino\lib\batik-1.8.jar;C:\Program Files (x86)\Arduino\lib\batik-anim-1.8.jar;C:\Program Files (x86)\Arduino\lib\batik-awt-util-1.8.jar;C:\Program Files (x86)\Arduino\lib\batik-bridge-1.8.jar;C:\Program Files (x86)\Arduino\lib\batik-codec-1.8.jar;C:\Program Files (x86)\Arduino\lib\batik-css-1.8.jar;C:\Program Files (x86)\Arduino\lib\batik-dom-1.8.jar;C:\Program Files (x86)\Arduino\lib\batik-ext-1.8.jar;C:\Program Files (x86)\Arduino\lib\batik-gvt-1.8.jar;C:\Program Files (x86)\Arduino\lib\batik-parser-1.8.jar;C:\Program Files (x86)\Arduino\lib\batik-rasterizer-1.8.jar;C:\Program Files (x86)\Arduino\lib\batik-script-1.8.jar;C:\Program Files (x86)\Arduino\lib\batik-squiggle-1.8.jar;C:\Program Files (x86)\Arduino\lib\batik-svg-dom-1.8.jar;C:\Program Files (x86)\Arduino\lib\batik-svgpp-1.8.jar;C:\Program Files (x86)\Arduino\lib\batik-transcoder-1.8.jar;C:\Program Files (x86)\Arduino\lib\batik-util-1.8.jar;C:\Program Files (x86)\Arduino\lib\batik-xml-1.8.jar;C:\Program Files (x86)\Arduino\lib\bcpg-jdk15on-152.jar;C:\Program Files (x86)\Arduino\lib\bcprov-jdk15on-152.jar;C:\Program Files (x86)\Arduino\lib\commons-codec-1.7.jar;C:\Program Files (x86)\Arduino\lib\commons-compress-1.8.jar;C:\Program Files (x86)\Arduino\lib\commons-exec-1.1.jar;C:\Program Files (x86)\Arduino\lib\commons-httpclient-3.1.jar;C:\Program Files (x86)\Arduino\lib\commons-lang3-3.3.2.jar;C:\Program Files (x86)\Arduino\lib\commons-logging-1.0.4.jar;C:\Program Files (x86)\Arduino\lib\commons-net-3.3.jar;C:\Program Files (x86)\Arduino\lib\jackson-annotations-2.6.3.jar;C:\Program Files (x86)\Arduino\lib\jackson-core-2.6.3.jar;C:\Program Files (x86)\Arduino\lib\jackson-databind-2.6.3.jar;C:\Program Files (x86)\Arduino\lib\jackson-module-mrbean-2.6.3.jar;C:\Program Files (x86)\Arduino\lib\java-semver-0.8.0.jar;C:\Program Files (x86)\Arduino\lib\jmdns-3.5.1.j
Launcher Type: SUN_STANDARD

Environment Variables:
PATH=C:\Program Files (x86)\Common Files\Oracle\Java\javapath;C:\WINDOWS\system32;C:\WINDOWS;C:\WINDOWS\System32\Wbem;C:\WINDOWS\System32\WindowsPowerShell\v1.0\;C:\Program Files\nodejs\;C:\WINDOWS\System32\OpenSSH\;C:\Program Files\PuTTY\;C:\Users\looke\AppData\Local\Microsoft\WindowsApps;C:\Users\looke\AppData\Roaming\npm;C:\adb;C:\Program Files (x86)\Calibre2\;C:\Users\looke\AppData\Local\Microsoft\WindowsApps;C:\Users\looke\AppData\Roaming\npm;;C:\Program Files (x86)\Arduino\java\bin
USERNAME=looke
OS=Windows_NT
PROCESSOR_IDENTIFIER=Intel64 Family 6 Model 58 Stepping 9, GenuineIntel



---------------  S Y S T E M  ---------------

OS: Windows 10.0 , 64 bit Build 17134 (10.0.17134.1)

CPU:total 4 (initial active 4) (2 cores per cpu, 2 threads per core) family 6 model 58 stepping 9, cmov, cx8, fxsr, mmx, sse, sse2, sse3, ssse3, sse4.1, sse4.2, popcnt, avx, aes, clmul, erms, ht, tsc, tscinvbit, tscinv

Memory: 4k page, physical 8254744k(2695140k free), swap 12055832k(3786892k free)

vm_info: Java HotSpot(TM) Client VM (25.144-b01) for windows-x86 JRE (1.8.0_144-b01), built on Jul 21 2017 21:58:05 by "java_re" with MS VC++ 10.0 (VS2010)

time: Tue Feb 05 15:06:24 2019
elapsed time: 80133 seconds (0d 22h 15m 33s)

